<?xml version="1.0" encoding="UTF-8"?>
<testng-results total="7" passed="7" failed="0" skipped="0">
  <reporter-output>
  </reporter-output>
  <suite started-at="2024-12-12T09:58:46Z" name="Gradle suite" finished-at="2024-12-12T10:00:23Z" duration-ms="97018">
    <groups>
    </groups>
    <test started-at="2024-12-12T09:58:46Z" name="Gradle test" finished-at="2024-12-12T10:00:23Z" duration-ms="97018">
      <class name="demo.TestCases">
        <test-method is-config="true" signature="startBrowser()[pri:0, instance:demo.TestCases@6f46426d]" started-at="2024-12-12T15:28:46Z" name="startBrowser" finished-at="2024-12-12T15:28:48Z" duration-ms="1839" status="PASS">
          <reporter-output>
          </reporter-output>
        </test-method> <!-- startBrowser -->
        <test-method signature="testCase01()[pri:0, instance:demo.TestCases@6f46426d]" started-at="2024-12-12T15:28:48Z" name="testCase01" finished-at="2024-12-12T15:28:53Z" duration-ms="5868" status="PASS">
          <reporter-output>
          </reporter-output>
        </test-method> <!-- testCase01 -->
        <test-method signature="testCase02()[pri:0, instance:demo.TestCases@6f46426d]" started-at="2024-12-12T15:28:53Z" name="testCase02" finished-at="2024-12-12T15:29:10Z" duration-ms="16146" status="PASS">
          <reporter-output>
          </reporter-output>
        </test-method> <!-- testCase02 -->
        <test-method signature="testCase03()[pri:0, instance:demo.TestCases@6f46426d]" started-at="2024-12-12T15:29:10Z" name="testCase03" finished-at="2024-12-12T15:29:27Z" duration-ms="17284" status="PASS">
          <reporter-output>
          </reporter-output>
        </test-method> <!-- testCase03 -->
        <test-method signature="testCase04()[pri:0, instance:demo.TestCases@6f46426d]" started-at="2024-12-12T15:29:27Z" name="testCase04" finished-at="2024-12-12T15:29:42Z" duration-ms="14745" status="PASS">
          <reporter-output>
          </reporter-output>
        </test-method> <!-- testCase04 -->
        <test-method signature="testCase05(java.lang.String)[pri:0, instance:demo.TestCases@6f46426d]" started-at="2024-12-12T15:29:42Z" name="testCase05" data-provider="excelData" finished-at="2024-12-12T15:29:56Z" duration-ms="14224" status="PASS">
          <params>
            <param index="0">
              <value>
                <![CDATA[Movies]]>
              </value>
            </param>
          </params>
          <reporter-output>
          </reporter-output>
        </test-method> <!-- testCase05 -->
        <test-method signature="testCase05(java.lang.String)[pri:0, instance:demo.TestCases@6f46426d]" started-at="2024-12-12T15:29:56Z" name="testCase05" data-provider="excelData" finished-at="2024-12-12T15:30:10Z" duration-ms="13292" status="PASS">
          <params>
            <param index="0">
              <value>
                <![CDATA[Music]]>
              </value>
            </param>
          </params>
          <reporter-output>
          </reporter-output>
        </test-method> <!-- testCase05 -->
        <test-method signature="testCase05(java.lang.String)[pri:0, instance:demo.TestCases@6f46426d]" started-at="2024-12-12T15:30:10Z" name="testCase05" data-provider="excelData" finished-at="2024-12-12T15:30:22Z" duration-ms="12642" status="PASS">
          <params>
            <param index="0">
              <value>
                <![CDATA[Games]]>
              </value>
            </param>
          </params>
          <reporter-output>
          </reporter-output>
        </test-method> <!-- testCase05 -->
        <test-method is-config="true" signature="endTest()[pri:0, instance:demo.TestCases@6f46426d]" started-at="2024-12-12T15:30:22Z" name="endTest" finished-at="2024-12-12T15:30:23Z" duration-ms="546" status="PASS">
          <reporter-output>
          </reporter-output>
        </test-method> <!-- endTest -->
      </class> <!-- demo.TestCases -->
    </test> <!-- Gradle test -->
  </suite> <!-- Gradle suite -->
</testng-results>
